#
# There is insufficient memory for the Java Runtime Environment to continue.
# Native memory allocation (malloc) failed to allocate 32744 bytes for ChunkPool::allocate
# Possible reasons:
#   The system is out of physical RAM or swap space
#   The process is running with CompressedOops enabled, and the Java Heap may be blocking the growth of the native heap
# Possible solutions:
#   Reduce memory load on the system
#   Increase physical memory or swap space
#   Check if swap backing store is full
#   Decrease Java heap size (-Xmx/-Xms)
#   Decrease number of Java threads
#   Decrease Java thread stack sizes (-Xss)
#   Set larger code cache with -XX:ReservedCodeCacheSize=
#   JVM is running with Unscaled Compressed Oops mode in which the Java heap is
#     placed in the first 4GB address space. The Java Heap base address is the
#     maximum limit for the native heap growth. Please use -XX:HeapBaseMinAddress
#     to set the Java Heap base and to place the Java Heap above 4GB virtual address.
# This output file may be truncated or incomplete.
#
#  Out of Memory Error (./src/hotspot/share/memory/arena.cpp:81), pid=4192, tid=12120
#
# JRE version: OpenJDK Runtime Environment AdoptOpenJDK-11.0.11+9 (11.0.11+9) (build 11.0.11+9)
# Java VM: OpenJDK 64-Bit Server VM AdoptOpenJDK-11.0.11+9 (11.0.11+9, mixed mode, tiered, compressed oops, g1 gc, windows-amd64)
# No core dump will be written. Minidumps are not enabled by default on client versions of Windows
#

---------------  S U M M A R Y ------------

Command Line: -Dorg.gradle.internal.worker.tmpdir=C:\initial\selenide\build\tmp\test\work -Dorg.gradle.native=false -agentlib:jdwp=transport=dt_socket,server=n,suspend=y,address=127.0.0.1:56639 --add-opens=java.base/java.util=ALL-UNNAMED --add-opens=java.base/java.lang=ALL-UNNAMED -Xmx512m -Dfile.encoding=windows-1251 -Duser.country=RU -Duser.language=ru -Duser.variant -ea worker.org.gradle.process.internal.worker.GradleWorkerMain 'Gradle Test Executor 12'

Host: Intel(R) Pentium(R) Silver N5000 CPU @ 1.10GHz, 4 cores, 3G,  Windows 10 , 64 bit Build 19041 (10.0.19041.1706)
Time: Sat May 14 19:47:51 2022 Китайское время (зима) elapsed time: 3.579447 seconds (0d 0h 0m 3s)

---------------  T H R E A D  ---------------

Current thread (0x000001a3e8f3f800):  JavaThread "C1 CompilerThread0" daemon [_thread_in_native, id=12120, stack(0x00000047da500000,0x00000047da600000)]


Current CompileTask:
C1:   3579  539       3       jdk.internal.org.objectweb.asm.Frame::execute (2264 bytes)

Stack: [0x00000047da500000,0x00000047da600000]
Native frames: (J=compiled Java code, j=interpreted, Vv=VM code, C=native code)
V  [jvm.dll+0x5f7e5a]
V  [jvm.dll+0x77ff2e]
V  [jvm.dll+0x7815ff]
V  [jvm.dll+0x781cc3]
V  [jvm.dll+0x247408]
V  [jvm.dll+0xbea3b]
V  [jvm.dll+0xbed9c]
V  [jvm.dll+0x1673f3]
V  [jvm.dll+0x1674c0]
V  [jvm.dll+0x169bbd]
V  [jvm.dll+0x16b7d1]
V  [jvm.dll+0x126225]
V  [jvm.dll+0x125a9f]
V  [jvm.dll+0x125ccf]
V  [jvm.dll+0x124f77]
V  [jvm.dll+0x126e87]
V  [jvm.dll+0x20f3e7]
V  [jvm.dll+0x20d5cb]
V  [jvm.dll+0x7442f9]
V  [jvm.dll+0x73d364]
V  [jvm.dll+0x5f6cd6]
C  [ucrtbase.dll+0x21bb2]
C  [KERNEL32.DLL+0x17034]
C  [ntdll.dll+0x52651]


---------------  P R O C E S S  ---------------

Threads class SMR info:
_java_thread_list=0x000001a3e909e180, length=13, elements={
0x000001a3cb78d000, 0x000001a3e8d5b800, 0x000001a3e8d5c800, 0x000001a3e8dba000,
0x000001a3e8dbc000, 0x000001a3e8dbd000, 0x000001a3e8dc0800, 0x000001a3e8f3f800,
0x000001a3e8f45000, 0x000001a3e8fde800, 0x000001a3e908d000, 0x000001a3e90a0000,
0x000001a3e90a7000
}
_to_delete_list=0x000001a3e909e540, length=12, elements={
0x000001a3cb78d000, 0x000001a3e8d5b800, 0x000001a3e8d5c800, 0x000001a3e8dba000,
0x000001a3e8dbc000, 0x000001a3e8dbd000, 0x000001a3e8dc0800, 0x000001a3e8f3f800,
0x000001a3e8f45000, 0x000001a3e8fde800, 0x000001a3e908d000, 0x000001a3e90a0000
}

Java Threads: ( => current thread )
  0x000001a3cb78d000 JavaThread "main" [_thread_in_vm, id=11236, stack(0x00000047d9800000,0x00000047d9900000)]
  0x000001a3e8d5b800 JavaThread "Reference Handler" daemon [_thread_blocked, id=2304, stack(0x00000047d9f00000,0x00000047da000000)]
  0x000001a3e8d5c800 JavaThread "Finalizer" daemon [_thread_blocked, id=13548, stack(0x00000047da000000,0x00000047da100000)]
  0x000001a3e8dba000 JavaThread "Signal Dispatcher" daemon [_thread_blocked, id=19552, stack(0x00000047da100000,0x00000047da200000)]
  0x000001a3e8dbc000 JavaThread "Attach Listener" daemon [_thread_blocked, id=16076, stack(0x00000047da200000,0x00000047da300000)]
  0x000001a3e8dbd000 JavaThread "Service Thread" daemon [_thread_blocked, id=4860, stack(0x00000047da300000,0x00000047da400000)]
  0x000001a3e8dc0800 JavaThread "C2 CompilerThread0" daemon [_thread_in_native, id=6788, stack(0x00000047da400000,0x00000047da500000)]
=>0x000001a3e8f3f800 JavaThread "C1 CompilerThread0" daemon [_thread_in_native, id=12120, stack(0x00000047da500000,0x00000047da600000)]
  0x000001a3e8f45000 JavaThread "Sweeper thread" daemon [_thread_blocked, id=15536, stack(0x00000047da600000,0x00000047da700000)]
  0x000001a3e8fde800 JavaThread "Common-Cleaner" daemon [_thread_blocked, id=1084, stack(0x00000047da700000,0x00000047da800000)]
  0x000001a3e908d000 JavaThread "JDWP Transport Listener: dt_socket" daemon [_thread_blocked, id=13004, stack(0x00000047da800000,0x00000047da900000)]
  0x000001a3e90a0000 JavaThread "JDWP Event Helper Thread" daemon [_thread_blocked, id=13792, stack(0x00000047da900000,0x00000047daa00000)]
  0x000001a3e90a7000 JavaThread "JDWP Command Reader" daemon [_thread_in_native, id=15532, stack(0x00000047daa00000,0x00000047dab00000)]

Other Threads:
  0x000001a3e8d58000 VMThread "VM Thread" [stack: 0x00000047d9e00000,0x00000047d9f00000] [id=2936]
  0x000001a3e90b8000 WatcherThread [stack: 0x00000047dab00000,0x00000047dac00000] [id=9556]
  0x000001a3cb7a3800 GCTaskThread "GC Thread#0" [stack: 0x00000047d9900000,0x00000047d9a00000] [id=19352]
  0x000001a3cb7b4000 ConcurrentGCThread "G1 Main Marker" [stack: 0x00000047d9a00000,0x00000047d9b00000] [id=18240]
  0x000001a3cb7b5000 ConcurrentGCThread "G1 Conc#0" [stack: 0x00000047d9b00000,0x00000047d9c00000] [id=17304]
  0x000001a3cb808000 ConcurrentGCThread "G1 Refine#0" [stack: 0x00000047d9c00000,0x00000047d9d00000] [id=676]
  0x000001a3cb80b000 ConcurrentGCThread "G1 Young RemSet Sampling" [stack: 0x00000047d9d00000,0x00000047d9e00000] [id=8232]

Threads with active compile tasks:
C1 CompilerThread0   3763  539       3       jdk.internal.org.objectweb.asm.Frame::execute (2264 bytes)

VM state:not at safepoint (normal execution)

VM Mutex/Monitor currently owned by a thread: None

Heap address: 0x00000000e0000000, size: 512 MB, Compressed Oops mode: 32-bit
Narrow klass base: 0x0000000000000000, Narrow klass shift: 3
Compressed class space size: 1073741824 Address: 0x0000000100000000

Heap:
 garbage-first heap   total 63488K, used 5120K [0x00000000e0000000, 0x0000000100000000)
  region size 1024K, 7 young (7168K), 0 survivors (0K)
 Metaspace       used 8309K, capacity 8469K, committed 8576K, reserved 1056768K
  class space    used 805K, capacity 889K, committed 896K, reserved 1048576K
Heap Regions: E=young(eden), S=young(survivor), O=old, HS=humongous(starts), HC=humongous(continues), CS=collection set, F=free, A=archive, TAMS=top-at-mark-start (previous, next)
|   0|0x00000000e0000000, 0x00000000e0000000, 0x00000000e0100000|  0%| F|  |TAMS 0x00000000e0000000, 0x00000000e0000000| Untracked 
|   1|0x00000000e0100000, 0x00000000e0100000, 0x00000000e0200000|  0%| F|  |TAMS 0x00000000e0100000, 0x00000000e0100000| Untracked 
|   2|0x00000000e0200000, 0x00000000e0200000, 0x00000000e0300000|  0%| F|  |TAMS 0x00000000e0200000, 0x00000000e0200000| Untracked 
|   3|0x00000000e0300000, 0x00000000e0300000, 0x00000000e0400000|  0%| F|  |TAMS 0x00000000e0300000, 0x00000000e0300000| Untracked 
|   4|0x00000000e0400000, 0x00000000e0400000, 0x00000000e0500000|  0%| F|  |TAMS 0x00000000e0400000, 0x00000000e0400000| Untracked 
|   5|0x00000000e0500000, 0x00000000e0500000, 0x00000000e0600000|  0%| F|  |TAMS 0x00000000e0500000, 0x00000000e0500000| Untracked 
|   6|0x00000000e0600000, 0x00000000e0600000, 0x00000000e0700000|  0%| F|  |TAMS 0x00000000e0600000, 0x00000000e0600000| Untracked 
|   7|0x00000000e0700000, 0x00000000e0700000, 0x00000000e0800000|  0%| F|  |TAMS 0x00000000e0700000, 0x00000000e0700000| Untracked 
|   8|0x00000000e0800000, 0x00000000e0800000, 0x00000000e0900000|  0%| F|  |TAMS 0x00000000e0800000, 0x00000000e0800000| Untracked 
|   9|0x00000000e0900000, 0x00000000e0900000, 0x00000000e0a00000|  0%| F|  |TAMS 0x00000000e0900000, 0x00000000e0900000| Untracked 
|  10|0x00000000e0a00000, 0x00000000e0a00000, 0x00000000e0b00000|  0%| F|  |TAMS 0x00000000e0a00000, 0x00000000e0a00000| Untracked 
|  11|0x00000000e0b00000, 0x00000000e0b00000, 0x00000000e0c00000|  0%| F|  |TAMS 0x00000000e0b00000, 0x00000000e0b00000| Untracked 
|  12|0x00000000e0c00000, 0x00000000e0c00000, 0x00000000e0d00000|  0%| F|  |TAMS 0x00000000e0c00000, 0x00000000e0c00000| Untracked 
|  13|0x00000000e0d00000, 0x00000000e0d00000, 0x00000000e0e00000|  0%| F|  |TAMS 0x00000000e0d00000, 0x00000000e0d00000| Untracked 
|  14|0x00000000e0e00000, 0x00000000e0e00000, 0x00000000e0f00000|  0%| F|  |TAMS 0x00000000e0e00000, 0x00000000e0e00000| Untracked 
|  15|0x00000000e0f00000, 0x00000000e0f00000, 0x00000000e1000000|  0%| F|  |TAMS 0x00000000e0f00000, 0x00000000e0f00000| Untracked 
|  16|0x00000000e1000000, 0x00000000e1000000, 0x00000000e1100000|  0%| F|  |TAMS 0x00000000e1000000, 0x00000000e1000000| Untracked 
|  17|0x00000000e1100000, 0x00000000e1100000, 0x00000000e1200000|  0%| F|  |TAMS 0x00000000e1100000, 0x00000000e1100000| Untracked 
|  18|0x00000000e1200000, 0x00000000e1200000, 0x00000000e1300000|  0%| F|  |TAMS 0x00000000e1200000, 0x00000000e1200000| Untracked 
|  19|0x00000000e1300000, 0x00000000e1300000, 0x00000000e1400000|  0%| F|  |TAMS 0x00000000e1300000, 0x00000000e1300000| Untracked 
|  20|0x00000000e1400000, 0x00000000e1400000, 0x00000000e1500000|  0%| F|  |TAMS 0x00000000e1400000, 0x00000000e1400000| Untracked 
|  21|0x00000000e1500000, 0x00000000e1500000, 0x00000000e1600000|  0%| F|  |TAMS 0x00000000e1500000, 0x00000000e1500000| Untracked 
|  22|0x00000000e1600000, 0x00000000e1600000, 0x00000000e1700000|  0%| F|  |TAMS 0x00000000e1600000, 0x00000000e1600000| Untracked 
|  23|0x00000000e1700000, 0x00000000e1700000, 0x00000000e1800000|  0%| F|  |TAMS 0x00000000e1700000, 0x00000000e1700000| Untracked 
|  24|0x00000000e1800000, 0x00000000e1800000, 0x00000000e1900000|  0%| F|  |TAMS 0x00000000e1800000, 0x00000000e1800000| Untracked 
|  25|0x00000000e1900000, 0x00000000e1900000, 0x00000000e1a00000|  0%| F|  |TAMS 0x00000000e1900000, 0x00000000e1900000| Untracked 
|  26|0x00000000e1a00000, 0x00000000e1a00000, 0x00000000e1b00000|  0%| F|  |TAMS 0x00000000e1a00000, 0x00000000e1a00000| Untracked 
|  27|0x00000000e1b00000, 0x00000000e1b00000, 0x00000000e1c00000|  0%| F|  |TAMS 0x00000000e1b00000, 0x00000000e1b00000| Untracked 
|  28|0x00000000e1c00000, 0x00000000e1c00000, 0x00000000e1d00000|  0%| F|  |TAMS 0x00000000e1c00000, 0x00000000e1c00000| Untracked 
|  29|0x00000000e1d00000, 0x00000000e1d00000, 0x00000000e1e00000|  0%| F|  |TAMS 0x00000000e1d00000, 0x00000000e1d00000| Untracked 
|  30|0x00000000e1e00000, 0x00000000e1e00000, 0x00000000e1f00000|  0%| F|  |TAMS 0x00000000e1e00000, 0x00000000e1e00000| Untracked 
|  31|0x00000000e1f00000, 0x00000000e1f00000, 0x00000000e2000000|  0%| F|  |TAMS 0x00000000e1f00000, 0x00000000e1f00000| Untracked 
|  32|0x00000000e2000000, 0x00000000e2000000, 0x00000000e2100000|  0%| F|  |TAMS 0x00000000e2000000, 0x00000000e2000000| Untracked 
|  33|0x00000000e2100000, 0x00000000e2100000, 0x00000000e2200000|  0%| F|  |TAMS 0x00000000e2100000, 0x00000000e2100000| Untracked 
|  34|0x00000000e2200000, 0x00000000e2200000, 0x00000000e2300000|  0%| F|  |TAMS 0x00000000e2200000, 0x00000000e2200000| Untracked 
|  35|0x00000000e2300000, 0x00000000e2300000, 0x00000000e2400000|  0%| F|  |TAMS 0x00000000e2300000, 0x00000000e2300000| Untracked 
|  36|0x00000000e2400000, 0x00000000e2400000, 0x00000000e2500000|  0%| F|  |TAMS 0x00000000e2400000, 0x00000000e2400000| Untracked 
|  37|0x00000000e2500000, 0x00000000e2500000, 0x00000000e2600000|  0%| F|  |TAMS 0x00000000e2500000, 0x00000000e2500000| Untracked 
|  38|0x00000000e2600000, 0x00000000e2600000, 0x00000000e2700000|  0%| F|  |TAMS 0x00000000e2600000, 0x00000000e2600000| Untracked 
|  39|0x00000000e2700000, 0x00000000e2700000, 0x00000000e2800000|  0%| F|  |TAMS 0x00000000e2700000, 0x00000000e2700000| Untracked 
|  40|0x00000000e2800000, 0x00000000e2800000, 0x00000000e2900000|  0%| F|  |TAMS 0x00000000e2800000, 0x00000000e2800000| Untracked 
|  41|0x00000000e2900000, 0x00000000e2900000, 0x00000000e2a00000|  0%| F|  |TAMS 0x00000000e2900000, 0x00000000e2900000| Untracked 
|  42|0x00000000e2a00000, 0x00000000e2a00000, 0x00000000e2b00000|  0%| F|  |TAMS 0x00000000e2a00000, 0x00000000e2a00000| Untracked 
|  43|0x00000000e2b00000, 0x00000000e2b00000, 0x00000000e2c00000|  0%| F|  |TAMS 0x00000000e2b00000, 0x00000000e2b00000| Untracked 
|  44|0x00000000e2c00000, 0x00000000e2c00000, 0x00000000e2d00000|  0%| F|  |TAMS 0x00000000e2c00000, 0x00000000e2c00000| Untracked 
|  45|0x00000000e2d00000, 0x00000000e2d00000, 0x00000000e2e00000|  0%| F|  |TAMS 0x00000000e2d00000, 0x00000000e2d00000| Untracked 
|  46|0x00000000e2e00000, 0x00000000e2e00000, 0x00000000e2f00000|  0%| F|  |TAMS 0x00000000e2e00000, 0x00000000e2e00000| Untracked 
|  47|0x00000000e2f00000, 0x00000000e2f00000, 0x00000000e3000000|  0%| F|  |TAMS 0x00000000e2f00000, 0x00000000e2f00000| Untracked 
|  48|0x00000000e3000000, 0x00000000e3000000, 0x00000000e3100000|  0%| F|  |TAMS 0x00000000e3000000, 0x00000000e3000000| Untracked 
|  49|0x00000000e3100000, 0x00000000e3100000, 0x00000000e3200000|  0%| F|  |TAMS 0x00000000e3100000, 0x00000000e3100000| Untracked 
|  50|0x00000000e3200000, 0x00000000e3200000, 0x00000000e3300000|  0%| F|  |TAMS 0x00000000e3200000, 0x00000000e3200000| Untracked 
|  51|0x00000000e3300000, 0x00000000e3300000, 0x00000000e3400000|  0%| F|  |TAMS 0x00000000e3300000, 0x00000000e3300000| Untracked 
|  52|0x00000000e3400000, 0x00000000e3400000, 0x00000000e3500000|  0%| F|  |TAMS 0x00000000e3400000, 0x00000000e3400000| Untracked 
|  53|0x00000000e3500000, 0x00000000e3500000, 0x00000000e3600000|  0%| F|  |TAMS 0x00000000e3500000, 0x00000000e3500000| Untracked 
|  54|0x00000000e3600000, 0x00000000e3648520, 0x00000000e3700000| 28%| E|  |TAMS 0x00000000e3600000, 0x00000000e3600000| Complete 
|  55|0x00000000e3700000, 0x00000000e3800000, 0x00000000e3800000|100%| E|CS|TAMS 0x00000000e3700000, 0x00000000e3700000| Complete 
|  56|0x00000000e3800000, 0x00000000e3900000, 0x00000000e3900000|100%| E|CS|TAMS 0x00000000e3800000, 0x00000000e3800000| Complete 
|  57|0x00000000e3900000, 0x00000000e3a00000, 0x00000000e3a00000|100%| E|CS|TAMS 0x00000000e3900000, 0x00000000e3900000| Complete 
|  58|0x00000000e3a00000, 0x00000000e3b00000, 0x00000000e3b00000|100%| E|CS|TAMS 0x00000000e3a00000, 0x00000000e3a00000| Complete 
|  59|0x00000000e3b00000, 0x00000000e3c00000, 0x00000000e3c00000|100%| E|  |TAMS 0x00000000e3b00000, 0x00000000e3b00000| Complete 
|  60|0x00000000e3c00000, 0x00000000e3d00000, 0x00000000e3d00000|100%| E|CS|TAMS 0x00000000e3c00000, 0x00000000e3c00000| Complete 
|  61|0x00000000e3d00000, 0x00000000e3e00000, 0x00000000e3e00000|100%| E|CS|TAMS 0x00000000e3d00000, 0x00000000e3d00000| Complete 

Card table byte_map: [0x000001a3e4db0000,0x000001a3e4eb0000] _byte_map_base: 0x000001a3e46b0000

Marking Bits (Prev, Next): (CMBitMap*) 0x000001a3cb7b1058, (CMBitMap*) 0x000001a3cb7b1090
 Prev Bits: [0x000001a3e4fb0000, 0x000001a3e57b0000)
 Next Bits: [0x000001a3e57b0000, 0x000001a3e5fb0000)

Polling page: 0x000001a3cb560000

Metaspace:

Usage:
  Non-class:      7.40 MB capacity,     7.33 MB ( 99%) used,    68.59 KB ( <1%) free+waste,     7.63 KB ( <1%) overhead. 
      Class:    889.00 KB capacity,   805.31 KB ( 91%) used,    79.94 KB (  9%) free+waste,     3.75 KB ( <1%) overhead. 
       Both:      8.27 MB capacity,     8.11 MB ( 98%) used,   148.52 KB (  2%) free+waste,    11.38 KB ( <1%) overhead. 

Virtual space:
  Non-class space:        8.00 MB reserved,       7.50 MB ( 94%) committed 
      Class space:        1.00 GB reserved,     896.00 KB ( <1%) committed 
             Both:        1.01 GB reserved,       8.38 MB ( <1%) committed 

Chunk freelists:
   Non-Class:  36.00 KB
       Class:  7.00 KB
        Both:  43.00 KB

MaxMetaspaceSize: 17179869184.00 GB
CompressedClassSpaceSize: 1.00 GB

CodeHeap 'non-profiled nmethods': size=120064Kb used=150Kb max_used=150Kb free=119913Kb
 bounds [0x000001a3dd150000, 0x000001a3dd3c0000, 0x000001a3e4690000]
CodeHeap 'profiled nmethods': size=120000Kb used=799Kb max_used=799Kb free=119201Kb
 bounds [0x000001a3d5c20000, 0x000001a3d5e90000, 0x000001a3dd150000]
CodeHeap 'non-nmethods': size=5696Kb used=1127Kb max_used=1139Kb free=4568Kb
 bounds [0x000001a3d5690000, 0x000001a3d5900000, 0x000001a3d5c20000]
 total_blobs=885 nmethods=548 adapters=258
 compilation: enabled
              stopped_count=0, restarted_count=0
 full_count=0

Compilation events (20 events):
Event: 3.533 Thread 0x000001a3e8f3f800 nmethod 527 0x000001a3d5ce1990 code [0x000001a3d5ce1d00, 0x000001a3d5ce3048]
Event: 3.533 Thread 0x000001a3e8f3f800  528       3       java.util.ArrayList$Itr::hasNext (20 bytes)
Event: 3.533 Thread 0x000001a3e8f3f800 nmethod 528 0x000001a3d5ce3710 code [0x000001a3d5ce38c0, 0x000001a3d5ce3a38]
Event: 3.540 Thread 0x000001a3e8f3f800  529       3       java.lang.invoke.MethodTypeForm::canonicalize (64 bytes)
Event: 3.540 Thread 0x000001a3e8f3f800 nmethod 529 0x000001a3d5ce3b10 code [0x000001a3d5ce3d00, 0x000001a3d5ce4008]
Event: 3.541 Thread 0x000001a3e8f3f800  530       3       java.lang.invoke.MethodType$ConcurrentWeakInternSet::add (66 bytes)
Event: 3.542 Thread 0x000001a3e8f3f800 nmethod 530 0x000001a3d5ce4190 code [0x000001a3d5ce4420, 0x000001a3d5ce52c8]
Event: 3.545 Thread 0x000001a3e8f3f800  532       3       java.util.ImmutableCollections$ListN::size (6 bytes)
Event: 3.545 Thread 0x000001a3e8f3f800 nmethod 532 0x000001a3d5ce5790 code [0x000001a3d5ce5940, 0x000001a3d5ce5a58]
Event: 3.546 Thread 0x000001a3e8f3f800  533       3       java.lang.invoke.LambdaForm$Name::isParam (13 bytes)
Event: 3.546 Thread 0x000001a3e8f3f800 nmethod 533 0x000001a3d5ce5b10 code [0x000001a3d5ce5cc0, 0x000001a3d5ce5e18]
Event: 3.546 Thread 0x000001a3e8f3f800  535       1       java.lang.invoke.LambdaForm$Name::type (5 bytes)
Event: 3.547 Thread 0x000001a3e8f3f800 nmethod 535 0x000001a3dd173890 code [0x000001a3dd173a40, 0x000001a3dd173af8]
Event: 3.558 Thread 0x000001a3e8f3f800  536       3       jdk.internal.org.objectweb.asm.ClassWriter::newStringishItem (68 bytes)
Event: 3.559 Thread 0x000001a3e8f3f800 nmethod 536 0x000001a3d5ce5e90 code [0x000001a3d5ce60a0, 0x000001a3d5ce6438]
Event: 3.559 Thread 0x000001a3e8f3f800  537       3       jdk.internal.org.objectweb.asm.Item::isEqualTo (354 bytes)
Event: 3.560 Thread 0x000001a3e8f3f800 nmethod 537 0x000001a3d5ce6610 code [0x000001a3d5ce6880, 0x000001a3d5ce7368]
Event: 3.560 Thread 0x000001a3e8f3f800  538       3       java.lang.invoke.LambdaForm$Name::lastUseIndex (36 bytes)
Event: 3.560 Thread 0x000001a3e8f3f800 nmethod 538 0x000001a3d5ce7690 code [0x000001a3d5ce7860, 0x000001a3d5ce7af8]
Event: 3.561 Thread 0x000001a3e8f3f800  539       3       jdk.internal.org.objectweb.asm.Frame::execute (2264 bytes)

GC Heap History (0 events):
No events

Deoptimization events (20 events):
Event: 3.464 Thread 0x000001a3cb78d000 DEOPT PACKING pc=0x000001a3d5ccd5c1 sp=0x00000047d98fd860
Event: 3.464 Thread 0x000001a3cb78d000 DEOPT UNPACKING pc=0x000001a3d56cb13f sp=0x00000047d98fcd08 mode 1
Event: 3.464 Thread 0x000001a3cb78d000 DEOPT PACKING pc=0x000001a3d5cabe54 sp=0x00000047d98fd8c0
Event: 3.464 Thread 0x000001a3cb78d000 DEOPT UNPACKING pc=0x000001a3d56cb13f sp=0x00000047d98fcd78 mode 1
Event: 3.464 Thread 0x000001a3cb78d000 DEOPT PACKING pc=0x000001a3d5ccd5c1 sp=0x00000047d98fa320
Event: 3.464 Thread 0x000001a3cb78d000 DEOPT UNPACKING pc=0x000001a3d56cb13f sp=0x00000047d98f97c8 mode 1
Event: 3.464 Thread 0x000001a3cb78d000 DEOPT PACKING pc=0x000001a3d5cabe54 sp=0x00000047d98fa380
Event: 3.464 Thread 0x000001a3cb78d000 DEOPT UNPACKING pc=0x000001a3d56cb13f sp=0x00000047d98f9838 mode 1
Event: 3.465 Thread 0x000001a3cb78d000 DEOPT PACKING pc=0x000001a3d5ccd5c1 sp=0x00000047d98fd850
Event: 3.465 Thread 0x000001a3cb78d000 DEOPT UNPACKING pc=0x000001a3d56cb13f sp=0x00000047d98fccf8 mode 1
Event: 3.465 Thread 0x000001a3cb78d000 DEOPT PACKING pc=0x000001a3d5cabe54 sp=0x00000047d98fd8b0
Event: 3.465 Thread 0x000001a3cb78d000 DEOPT UNPACKING pc=0x000001a3d56cb13f sp=0x00000047d98fcd68 mode 1
Event: 3.466 Thread 0x000001a3cb78d000 DEOPT PACKING pc=0x000001a3d5ccd5c1 sp=0x00000047d98fd840
Event: 3.466 Thread 0x000001a3cb78d000 DEOPT UNPACKING pc=0x000001a3d56cb13f sp=0x00000047d98fcce8 mode 1
Event: 3.466 Thread 0x000001a3cb78d000 DEOPT PACKING pc=0x000001a3d5cabe54 sp=0x00000047d98fd8a0
Event: 3.466 Thread 0x000001a3cb78d000 DEOPT UNPACKING pc=0x000001a3d56cb13f sp=0x00000047d98fcd58 mode 1
Event: 3.467 Thread 0x000001a3cb78d000 DEOPT PACKING pc=0x000001a3d5ccd5c1 sp=0x00000047d98fd840
Event: 3.467 Thread 0x000001a3cb78d000 DEOPT UNPACKING pc=0x000001a3d56cb13f sp=0x00000047d98fcce8 mode 1
Event: 3.467 Thread 0x000001a3cb78d000 DEOPT PACKING pc=0x000001a3d5cabe54 sp=0x00000047d98fd8a0
Event: 3.467 Thread 0x000001a3cb78d000 DEOPT UNPACKING pc=0x000001a3d56cb13f sp=0x00000047d98fcd58 mode 1

Classes redefined (0 events):
No events

Internal exceptions (0 events):
No events

Events (20 events):
Event: 3.500 loading class java/lang/invoke/BoundMethodHandle$Species_LL done
Event: 3.503 loading class java/lang/invoke/BoundMethodHandle$Species_LLL
Event: 3.504 loading class java/lang/invoke/BoundMethodHandle$Species_LLL done
Event: 3.506 loading class java/lang/invoke/BoundMethodHandle$Species_LLLL
Event: 3.506 loading class java/lang/invoke/BoundMethodHandle$Species_LLLL done
Event: 3.510 loading class java/lang/invoke/BoundMethodHandle$Species_LLLLL
Event: 3.510 loading class java/lang/invoke/BoundMethodHandle$Species_LLLLL done
Event: 3.512 loading class java/lang/invoke/BoundMethodHandle$Species_LLLLLL
Event: 3.513 loading class java/lang/invoke/BoundMethodHandle$Species_LLLLLL done
Event: 3.515 loading class java/lang/Byte$ByteCache
Event: 3.515 loading class java/lang/Byte$ByteCache done
Event: 3.516 loading class java/lang/invoke/MethodHandles$1
Event: 3.516 loading class java/lang/invoke/MethodHandles$1 done
Event: 3.516 loading class java/lang/invoke/BoundMethodHandle$Species_LLLLLLI
Event: 3.517 loading class java/lang/invoke/BoundMethodHandle$Species_LLLLLLI done
Event: 3.535 loading class sun/invoke/util/ValueConversions$WrapperCache
Event: 3.535 loading class sun/invoke/util/ValueConversions$WrapperCache done
Event: 3.538 loading class java/lang/invoke/BoundMethodHandle$Species_LLLLLLII
Event: 3.539 loading class java/lang/invoke/BoundMethodHandle$Species_LLLLLLII done
Event: 3.574 loading class java/lang/invoke/BoundMethodHandle$Species_LLLLLLIIL


Dynamic libraries:
0x00007ff6d9540000 - 0x00007ff6d954d000 	C:\Program Files\AdoptOpenJDK\jdk-11.0.11.9-hotspot\bin\java.exe
0x00007ffa783d0000 - 0x00007ffa785c5000 	C:\WINDOWS\SYSTEM32\ntdll.dll
0x00007ffa5a1a0000 - 0x00007ffa5a1b6000 	C:\Program Files\AVAST Software\Avast\aswhook.dll
0x00007ffa77330000 - 0x00007ffa773ed000 	C:\WINDOWS\System32\KERNEL32.DLL
0x00007ffa76090000 - 0x00007ffa7635d000 	C:\WINDOWS\System32\KERNELBASE.dll
0x00007ffa75e80000 - 0x00007ffa75f80000 	C:\WINDOWS\System32\ucrtbase.dll
0x00007ffa60c50000 - 0x00007ffa60c67000 	C:\Program Files\AdoptOpenJDK\jdk-11.0.11.9-hotspot\bin\jli.dll
0x00007ffa5c860000 - 0x00007ffa5c875000 	C:\Program Files\AdoptOpenJDK\jdk-11.0.11.9-hotspot\bin\VCRUNTIME140.dll
0x00007ffa78180000 - 0x00007ffa78320000 	C:\WINDOWS\System32\USER32.dll
0x00007ffa75b80000 - 0x00007ffa75ba2000 	C:\WINDOWS\System32\win32u.dll
0x00007ffa768a0000 - 0x00007ffa768ca000 	C:\WINDOWS\System32\GDI32.dll
0x00007ffa75f80000 - 0x00007ffa7608b000 	C:\WINDOWS\System32\gdi32full.dll
0x00007ffa4eaa0000 - 0x00007ffa4ed3a000 	C:\WINDOWS\WinSxS\amd64_microsoft.windows.common-controls_6595b64144ccf1df_6.0.19041.1110_none_60b5254171f9507e\COMCTL32.dll
0x00007ffa75ae0000 - 0x00007ffa75b7d000 	C:\WINDOWS\System32\msvcp_win.dll
0x00007ffa777b0000 - 0x00007ffa7784e000 	C:\WINDOWS\System32\msvcrt.dll
0x00007ffa77bf0000 - 0x00007ffa77c20000 	C:\WINDOWS\System32\IMM32.DLL
0x00007ffa57030000 - 0x00007ffa570cb000 	C:\Program Files\AdoptOpenJDK\jdk-11.0.11.9-hotspot\bin\msvcp140.dll
0x00007ffa3e880000 - 0x00007ffa3f3cb000 	C:\Program Files\AdoptOpenJDK\jdk-11.0.11.9-hotspot\bin\server\jvm.dll
0x00007ffa770e0000 - 0x00007ffa7718e000 	C:\WINDOWS\System32\ADVAPI32.dll
0x00007ffa77490000 - 0x00007ffa7752c000 	C:\WINDOWS\System32\sechost.dll
0x00007ffa78050000 - 0x00007ffa78175000 	C:\WINDOWS\System32\RPCRT4.dll
0x00007ffa77480000 - 0x00007ffa77488000 	C:\WINDOWS\System32\PSAPI.DLL
0x00007ffa66eb0000 - 0x00007ffa66eb9000 	C:\WINDOWS\SYSTEM32\WSOCK32.dll
0x00007ffa772c0000 - 0x00007ffa7732b000 	C:\WINDOWS\System32\WS2_32.dll
0x00007ffa59290000 - 0x00007ffa592b7000 	C:\WINDOWS\SYSTEM32\WINMM.dll
0x00007ffa6d350000 - 0x00007ffa6d35a000 	C:\WINDOWS\SYSTEM32\VERSION.dll
0x00007ffa743a0000 - 0x00007ffa743b2000 	C:\WINDOWS\SYSTEM32\kernel.appcore.dll
0x00007ffa6f9b0000 - 0x00007ffa6f9c0000 	C:\Program Files\AdoptOpenJDK\jdk-11.0.11.9-hotspot\bin\verify.dll
0x00007ffa738e0000 - 0x00007ffa73ac4000 	C:\WINDOWS\SYSTEM32\DBGHELP.DLL
0x00007ffa6ce80000 - 0x00007ffa6ceac000 	C:\WINDOWS\SYSTEM32\dbgcore.DLL
0x00007ffa76390000 - 0x00007ffa76412000 	C:\WINDOWS\System32\bcryptPrimitives.dll
0x00007ffa59910000 - 0x00007ffa59938000 	C:\Program Files\AdoptOpenJDK\jdk-11.0.11.9-hotspot\bin\java.dll
0x00007ffa6e6b0000 - 0x00007ffa6e6ba000 	C:\Program Files\AdoptOpenJDK\jdk-11.0.11.9-hotspot\bin\jimage.dll
0x00007ffa626f0000 - 0x00007ffa62728000 	C:\Program Files\AdoptOpenJDK\jdk-11.0.11.9-hotspot\bin\jdwp.dll
0x00007ffa59ba0000 - 0x00007ffa59bb7000 	C:\Program Files\AdoptOpenJDK\jdk-11.0.11.9-hotspot\bin\zip.dll
0x00007ffa76990000 - 0x00007ffa770d4000 	C:\WINDOWS\System32\SHELL32.dll
0x00007ffa73ad0000 - 0x00007ffa74264000 	C:\WINDOWS\SYSTEM32\windows.storage.dll
0x00007ffa77c20000 - 0x00007ffa77f74000 	C:\WINDOWS\System32\combase.dll
0x00007ffa75470000 - 0x00007ffa7549c000 	C:\WINDOWS\SYSTEM32\Wldp.dll
0x00007ffa778b0000 - 0x00007ffa7795d000 	C:\WINDOWS\System32\SHCORE.dll
0x00007ffa768d0000 - 0x00007ffa76925000 	C:\WINDOWS\System32\shlwapi.dll
0x00007ffa75a20000 - 0x00007ffa75a3f000 	C:\WINDOWS\SYSTEM32\profapi.dll
0x00007ffa70ea0000 - 0x00007ffa70eaa000 	C:\Program Files\AdoptOpenJDK\jdk-11.0.11.9-hotspot\bin\dt_socket.dll
0x00007ffa751d0000 - 0x00007ffa7523a000 	C:\WINDOWS\system32\mswsock.dll
0x00007ffa59ad0000 - 0x00007ffa59ae9000 	C:\Program Files\AdoptOpenJDK\jdk-11.0.11.9-hotspot\bin\net.dll
0x00007ffa678f0000 - 0x00007ffa679fa000 	C:\WINDOWS\SYSTEM32\WINHTTP.dll
0x00007ffa57010000 - 0x00007ffa57022000 	C:\Program Files\AdoptOpenJDK\jdk-11.0.11.9-hotspot\bin\nio.dll

dbghelp: loaded successfully - version: 4.0.5 - missing functions: none
symbol engine: initialized successfully - sym options: 0x614 - pdb path: .;C:\Program Files\AdoptOpenJDK\jdk-11.0.11.9-hotspot\bin;C:\WINDOWS\SYSTEM32;C:\Program Files\AVAST Software\Avast;C:\WINDOWS\WinSxS\amd64_microsoft.windows.common-controls_6595b64144ccf1df_6.0.19041.1110_none_60b5254171f9507e;C:\Program Files\AdoptOpenJDK\jdk-11.0.11.9-hotspot\bin\server

VM Arguments:
jvm_args: -Dorg.gradle.internal.worker.tmpdir=C:\initial\selenide\build\tmp\test\work -Dorg.gradle.native=false -agentlib:jdwp=transport=dt_socket,server=n,suspend=y,address=127.0.0.1:56639 --add-opens=java.base/java.util=ALL-UNNAMED --add-opens=java.base/java.lang=ALL-UNNAMED -Xmx512m -Dfile.encoding=windows-1251 -Duser.country=RU -Duser.language=ru -Duser.variant -ea 
java_command: worker.org.gradle.process.internal.worker.GradleWorkerMain 'Gradle Test Executor 12'
java_class_path (initial): C:\\Users\\Олеся\\.gradle\\caches\\7.1\\workerMain\\gradle-worker.jar;C:\\initial\\selenide\\build\\classes\\java\\test;C:\\initial\\selenide\\build\\resources\\test;C:\\initial\\selenide\\build\\classes\\java\\main;C:\\initial\\selenide\\build\\resources\\main;C:\\Users\\Олеся\\.gradle\\caches\\modules-2\\files-2.1\\org.junit.jupiter\\junit-jupiter-params\\5.8.1\\13afdb5d414cbe991fce3ef6b864de77c9644dae\\junit-jupiter-params-5.8.1.jar;C:\\Users\\Олеся\\.gradle\\caches\\modules-2\\files-2.1\\org.junit.jupiter\\junit-jupiter-engine\\5.8.1\\21b86e08aae2720bbf017703669948be96d1388c\\junit-jupiter-engine-5.8.1.jar;C:\\Users\\Олеся\\.gradle\\caches\\modules-2\\files-2.1\\org.junit.jupiter\\junit-jupiter-api\\5.8.1\\6538b88eb8bf8811bc7b6efb5246f835c15e0bfe\\junit-jupiter-api-5.8.1.jar;C:\\Users\\Олеся\\.gradle\\caches\\modules-2\\files-2.1\\org.junit.platform\\junit-platform-engine\\1.8.1\\e6c63bf990dc88a6527b4ed617b23e47048f07e0\\junit-platform-engine-1.8.1.jar;C:\\Users\\Олеся\\.gradle\\caches\\modules-2\\files-2.1\\org.junit.platform\\junit-platform-commons\\1.8.1\\1e362cbe6d0f225b066757865e233972557484\\junit-platform-commons-1.8.1.jar;C:\\Users\\Олеся\\.gradle\\caches\\modules-2\\files-2.1\\org.junit.jupiter\\junit-jupiter\\5.8.1\\73a218cf02d36d4e87bb9697fdbe0780e92b6bd3\\junit-jupiter-5.8.1.jar;C:\\Users\\Олеся\\.gradle\\caches\\modules-2\\files-2.1\\com.codeborne\\selenide\\6.3.4\\cf79470596d18e595eeb68010174d4392496c23b\\selenide-6.3.4.jar;C:\\Users\\Олеся\\.gradle\\caches\\modules-2\\files-2.1\\com.codeborne\\selenide-core\\6.3.4\\3d2080671e8c4499862d0e8f8b6e2f3cfe97adc4\\selenide-core-6.3.4.jar;C:\\Users\\Олеся\\.gradle\\caches\\modules-2\\files-2.1\\org.seleniumhq.selenium\\selenium-java\\4.1.2\\d1ff6102a8b23729b967406ea85f40fea5a2e970\\selenium-java-4.1.2.jar;C:\\Users\\Олеся\\.gradle\\caches\\modules-2\\files-2.1\\org.seleniumhq.selenium\\selenium-chrome-driver\\4.1.2\\41e1678afb58fe057fd8929b4bbf6af4604df211\\selenium-chrome-driv
Launcher Type: SUN_STANDARD

[Global flags]
     intx CICompilerCount                          = 3                                         {product} {ergonomic}
     uint ConcGCThreads                            = 1                                         {product} {ergonomic}
     uint G1ConcRefinementThreads                  = 4                                         {product} {ergonomic}
   size_t G1HeapRegionSize                         = 1048576                                   {product} {ergonomic}
    uintx GCDrainStackTargetSize                   = 64                                        {product} {ergonomic}
   size_t InitialHeapSize                          = 65011712                                  {product} {ergonomic}
   size_t MarkStackSize                            = 4194304                                   {product} {ergonomic}
   size_t MaxHeapSize                              = 536870912                                 {product} {command line}
   size_t MaxNewSize                               = 321912832                                 {product} {ergonomic}
   size_t MinHeapDeltaBytes                        = 1048576                                   {product} {ergonomic}
    uintx NonNMethodCodeHeapSize                   = 5830732                                {pd product} {ergonomic}
    uintx NonProfiledCodeHeapSize                  = 122913754                              {pd product} {ergonomic}
    uintx ProfiledCodeHeapSize                     = 122913754                              {pd product} {ergonomic}
    uintx ReservedCodeCacheSize                    = 251658240                              {pd product} {ergonomic}
     bool SegmentedCodeCache                       = true                                      {product} {ergonomic}
     bool UseCompressedClassPointers               = true                                 {lp64_product} {ergonomic}
     bool UseCompressedOops                        = true                                 {lp64_product} {ergonomic}
     bool UseG1GC                                  = true                                      {product} {ergonomic}
     bool UseLargePagesIndividualAllocation        = false                                  {pd product} {ergonomic}

Logging:
Log output configuration:
 #0: stdout all=warning uptime,level,tags
 #1: stderr all=off uptime,level,tags

Environment Variables:
PATH=C:\Program Files\AdoptOpenJDK\jdk-11.0.11.9-hotspot\bin;C:\Program Files (x86)\Intel\TXE Components\iCLS\;C:\Program Files\Intel\TXE Components\iCLS\;C:\WINDOWS\system32;C:\WINDOWS;C:\WINDOWS\System32\Wbem;C:\WINDOWS\System32\WindowsPowerShell\v1.0\;C:\Program Files\Intel\TXE Components\DAL\;C:\Program Files (x86)\Intel\TXE Components\DAL\;C:\Program Files\Intel\TXE Components\IPT\;C:\Program Files (x86)\Intel\TXE Components\IPT\;C:\WINDOWS\System32\OpenSSH\;C:\Program Files\Git\cmd;C:\Users\Олеся\AppData\Local\Microsoft\WindowsApps;C:\Users\Олеся\AppData\Local\atom\bin
USERNAME=Олеся
OS=Windows_NT
PROCESSOR_IDENTIFIER=Intel64 Family 6 Model 122 Stepping 1, GenuineIntel



---------------  S Y S T E M  ---------------

OS: Windows 10 , 64 bit Build 19041 (10.0.19041.1706)
OS uptime: 2 days 6:39 hours

CPU:total 4 (initial active 4) (4 cores per cpu, 1 threads per core) family 6 model 122 stepping 1 microcode 0x2e, cmov, cx8, fxsr, mmx, sse, sse2, sse3, ssse3, sse4.1, sse4.2, popcnt, aes, clmul, erms, 3dnowpref, tsc, tscinvbit, sha

Memory: 4k page, system-wide physical 3918M (264M free)
TotalPageFile size 15694M (AvailPageFile size 2M)
current process WorkingSet (physical memory assigned to process): 44M, peak: 44M
current process commit charge ("private bytes"): 135M, peak: 135M

vm_info: OpenJDK 64-Bit Server VM (11.0.11+9) for windows-amd64 JRE (11.0.11+9), built on Apr 20 2021 21:22:09 by "" with MS VC++ 15.9 (VS2017)

END.
