#
# There is insufficient memory for the Java Runtime Environment to continue.
# Native memory allocation (malloc) failed to allocate 547296 bytes for Chunk::new
# Possible reasons:
#   The system is out of physical RAM or swap space
#   The process is running with CompressedOops enabled, and the Java Heap may be blocking the growth of the native heap
# Possible solutions:
#   Reduce memory load on the system
#   Increase physical memory or swap space
#   Check if swap backing store is full
#   Decrease Java heap size (-Xmx/-Xms)
#   Decrease number of Java threads
#   Decrease Java thread stack sizes (-Xss)
#   Set larger code cache with -XX:ReservedCodeCacheSize=
#   JVM is running with Unscaled Compressed Oops mode in which the Java heap is
#     placed in the first 4GB address space. The Java Heap base address is the
#     maximum limit for the native heap growth. Please use -XX:HeapBaseMinAddress
#     to set the Java Heap base and to place the Java Heap above 4GB virtual address.
# This output file may be truncated or incomplete.
#
#  Out of Memory Error (./src/hotspot/share/memory/arena.cpp:197), pid=13876, tid=19648
#
# JRE version: OpenJDK Runtime Environment AdoptOpenJDK-11.0.11+9 (11.0.11+9) (build 11.0.11+9)
# Java VM: OpenJDK 64-Bit Server VM AdoptOpenJDK-11.0.11+9 (11.0.11+9, mixed mode, tiered, compressed oops, g1 gc, windows-amd64)
# No core dump will be written. Minidumps are not enabled by default on client versions of Windows
#

---------------  S U M M A R Y ------------

Command Line: -Dorg.gradle.internal.worker.tmpdir=C:\initial\selenide\build\tmp\test\work -Dorg.gradle.native=false -agentlib:jdwp=transport=dt_socket,server=n,suspend=y,address=127.0.0.1:63905 --add-opens=java.base/java.util=ALL-UNNAMED --add-opens=java.base/java.lang=ALL-UNNAMED -Xmx512m -Dfile.encoding=windows-1251 -Duser.country=RU -Duser.language=ru -Duser.variant -ea worker.org.gradle.process.internal.worker.GradleWorkerMain 'Gradle Test Executor 8'

Host: Intel(R) Pentium(R) Silver N5000 CPU @ 1.10GHz, 4 cores, 3G,  Windows 10 , 64 bit Build 19041 (10.0.19041.1706)
Time: Sat May 14 19:25:59 2022 Китайское время (зима) elapsed time: 5.464775 seconds (0d 0h 0m 5s)

---------------  T H R E A D  ---------------

Current thread (0x00000197a9233800):  JavaThread "C2 CompilerThread0" daemon [_thread_in_native, id=19648, stack(0x000000429aa00000,0x000000429ab00000)]


Current CompileTask:
C2:   5465 1096  s!   4       jdk.internal.loader.URLClassPath::getLoader (194 bytes)

Stack: [0x000000429aa00000,0x000000429ab00000]
Native frames: (J=compiled Java code, j=interpreted, Vv=VM code, C=native code)
V  [jvm.dll+0x5f7e5a]
V  [jvm.dll+0x77ff2e]
V  [jvm.dll+0x7815ff]
V  [jvm.dll+0x781cc3]
V  [jvm.dll+0x247408]
V  [jvm.dll+0xbe69c]
V  [jvm.dll+0xbed9c]
V  [jvm.dll+0x2b6664]
V  [jvm.dll+0x509569]
V  [jvm.dll+0x208e8d]
V  [jvm.dll+0x202dea]
V  [jvm.dll+0x1ffe4f]
V  [jvm.dll+0x184f1c]
V  [jvm.dll+0x20f3e7]
V  [jvm.dll+0x20d5cb]
V  [jvm.dll+0x7442f9]
V  [jvm.dll+0x73d364]
V  [jvm.dll+0x5f6cd6]
C  [ucrtbase.dll+0x21bb2]
C  [KERNEL32.DLL+0x17034]
C  [ntdll.dll+0x52651]


---------------  P R O C E S S  ---------------

Threads class SMR info:
_java_thread_list=0x00000197a9fd8ec0, length=16, elements={
0x000001978db1c000, 0x00000197a91df800, 0x00000197a91e0800, 0x00000197a922d800,
0x00000197a922e800, 0x00000197a922f800, 0x00000197a9233800, 0x00000197a9236800,
0x00000197a93b8800, 0x00000197a94cc000, 0x00000197a94f1000, 0x00000197a94f2800,
0x00000197a9517800, 0x00000197a9db2800, 0x00000197a9fdb800, 0x00000197a9fdc800
}

Java Threads: ( => current thread )
  0x000001978db1c000 JavaThread "main" [_thread_blocked, id=16760, stack(0x0000004299e00000,0x0000004299f00000)]
  0x00000197a91df800 JavaThread "Reference Handler" daemon [_thread_blocked, id=16656, stack(0x000000429a500000,0x000000429a600000)]
  0x00000197a91e0800 JavaThread "Finalizer" daemon [_thread_blocked, id=20488, stack(0x000000429a600000,0x000000429a700000)]
  0x00000197a922d800 JavaThread "Signal Dispatcher" daemon [_thread_blocked, id=14948, stack(0x000000429a700000,0x000000429a800000)]
  0x00000197a922e800 JavaThread "Attach Listener" daemon [_thread_blocked, id=13020, stack(0x000000429a800000,0x000000429a900000)]
  0x00000197a922f800 JavaThread "Service Thread" daemon [_thread_blocked, id=20780, stack(0x000000429a900000,0x000000429aa00000)]
=>0x00000197a9233800 JavaThread "C2 CompilerThread0" daemon [_thread_in_native, id=19648, stack(0x000000429aa00000,0x000000429ab00000)]
  0x00000197a9236800 JavaThread "C1 CompilerThread0" daemon [_thread_blocked, id=3100, stack(0x000000429ab00000,0x000000429ac00000)]
  0x00000197a93b8800 JavaThread "Sweeper thread" daemon [_thread_blocked, id=10828, stack(0x000000429ac00000,0x000000429ad00000)]
  0x00000197a94cc000 JavaThread "Common-Cleaner" daemon [_thread_blocked, id=10104, stack(0x000000429ad00000,0x000000429ae00000)]
  0x00000197a94f1000 JavaThread "JDWP Transport Listener: dt_socket" daemon [_thread_blocked, id=21020, stack(0x000000429ae00000,0x000000429af00000)]
  0x00000197a94f2800 JavaThread "JDWP Event Helper Thread" daemon [_thread_blocked, id=13300, stack(0x000000429af00000,0x000000429b000000)]
  0x00000197a9517800 JavaThread "JDWP Command Reader" daemon [_thread_in_native, id=7840, stack(0x000000429b000000,0x000000429b100000)]
  0x00000197a9db2800 JavaThread "Test worker" [_thread_in_vm, id=14944, stack(0x000000429b500000,0x000000429b600000)]
  0x00000197a9fdb800 JavaThread "/127.0.0.1:63910 to /127.0.0.1:63907 workers Thread 2" [_thread_blocked, id=20168, stack(0x000000429b600000,0x000000429b700000)]
  0x00000197a9fdc800 JavaThread "/127.0.0.1:63910 to /127.0.0.1:63907 workers Thread 3" [_thread_in_native, id=2184, stack(0x000000429b700000,0x000000429b800000)]

Other Threads:
  0x00000197a91cc000 VMThread "VM Thread" [stack: 0x000000429a400000,0x000000429a500000] [id=20036]
  0x00000197a9536800 WatcherThread [stack: 0x000000429b100000,0x000000429b200000] [id=4184]
  0x000001978db35000 GCTaskThread "GC Thread#0" [stack: 0x0000004299f00000,0x000000429a000000] [id=19948]
  0x00000197a9d77800 GCTaskThread "GC Thread#1" [stack: 0x000000429b200000,0x000000429b300000] [id=1380]
  0x00000197a9fc8000 GCTaskThread "GC Thread#2" [stack: 0x000000429b800000,0x000000429b900000] [id=10760]
  0x00000197a9fc8800 GCTaskThread "GC Thread#3" [stack: 0x000000429b900000,0x000000429ba00000] [id=10504]
  0x000001978db44800 ConcurrentGCThread "G1 Main Marker" [stack: 0x000000429a000000,0x000000429a100000] [id=15304]
  0x000001978db46000 ConcurrentGCThread "G1 Conc#0" [stack: 0x000000429a100000,0x000000429a200000] [id=15420]
  0x000001978dba0800 ConcurrentGCThread "G1 Refine#0" [stack: 0x000000429a200000,0x000000429a300000] [id=20552]
  0x00000197a952f000 ConcurrentGCThread "G1 Refine#1" [stack: 0x000000429b300000,0x000000429b400000] [id=10464]
  0x000001978dba2800 ConcurrentGCThread "G1 Young RemSet Sampling" [stack: 0x000000429a300000,0x000000429a400000] [id=19112]

Threads with active compile tasks:
C2 CompilerThread0   5675 1096  s!   4       jdk.internal.loader.URLClassPath::getLoader (194 bytes)

VM state:not at safepoint (normal execution)

VM Mutex/Monitor currently owned by a thread: None

Heap address: 0x00000000e0000000, size: 512 MB, Compressed Oops mode: 32-bit
Narrow klass base: 0x0000000000000000, Narrow klass shift: 3
Compressed class space size: 1073741824 Address: 0x0000000100000000

Heap:
 garbage-first heap   total 63488K, used 9664K [0x00000000e0000000, 0x0000000100000000)
  region size 1024K, 6 young (6144K), 1 survivors (1024K)
 Metaspace       used 13337K, capacity 13693K, committed 13824K, reserved 1060864K
  class space    used 1394K, capacity 1474K, committed 1536K, reserved 1048576K
Heap Regions: E=young(eden), S=young(survivor), O=old, HS=humongous(starts), HC=humongous(continues), CS=collection set, F=free, A=archive, TAMS=top-at-mark-start (previous, next)
|   0|0x00000000e0000000, 0x00000000e0100000, 0x00000000e0100000|100%| O|  |TAMS 0x00000000e0000000, 0x00000000e0000000| Untracked 
|   1|0x00000000e0100000, 0x00000000e0200000, 0x00000000e0200000|100%| O|  |TAMS 0x00000000e0100000, 0x00000000e0100000| Untracked 
|   2|0x00000000e0200000, 0x00000000e0300000, 0x00000000e0300000|100%| O|  |TAMS 0x00000000e0200000, 0x00000000e0200000| Untracked 
|   3|0x00000000e0300000, 0x00000000e0400000, 0x00000000e0400000|100%| O|  |TAMS 0x00000000e0300000, 0x00000000e0300000| Untracked 
|   4|0x00000000e0400000, 0x00000000e0500000, 0x00000000e0500000|100%| O|  |TAMS 0x00000000e0400000, 0x00000000e0400000| Untracked 
|   5|0x00000000e0500000, 0x00000000e0522200, 0x00000000e0600000| 13%| O|  |TAMS 0x00000000e0500000, 0x00000000e0500000| Untracked 
|   6|0x00000000e0600000, 0x00000000e0600000, 0x00000000e0700000|  0%| F|  |TAMS 0x00000000e0600000, 0x00000000e0600000| Untracked 
|   7|0x00000000e0700000, 0x00000000e0700000, 0x00000000e0800000|  0%| F|  |TAMS 0x00000000e0700000, 0x00000000e0700000| Untracked 
|   8|0x00000000e0800000, 0x00000000e0800000, 0x00000000e0900000|  0%| F|  |TAMS 0x00000000e0800000, 0x00000000e0800000| Untracked 
|   9|0x00000000e0900000, 0x00000000e0900000, 0x00000000e0a00000|  0%| F|  |TAMS 0x00000000e0900000, 0x00000000e0900000| Untracked 
|  10|0x00000000e0a00000, 0x00000000e0a00000, 0x00000000e0b00000|  0%| F|  |TAMS 0x00000000e0a00000, 0x00000000e0a00000| Untracked 
|  11|0x00000000e0b00000, 0x00000000e0b00000, 0x00000000e0c00000|  0%| F|  |TAMS 0x00000000e0b00000, 0x00000000e0b00000| Untracked 
|  12|0x00000000e0c00000, 0x00000000e0c00000, 0x00000000e0d00000|  0%| F|  |TAMS 0x00000000e0c00000, 0x00000000e0c00000| Untracked 
|  13|0x00000000e0d00000, 0x00000000e0d00000, 0x00000000e0e00000|  0%| F|  |TAMS 0x00000000e0d00000, 0x00000000e0d00000| Untracked 
|  14|0x00000000e0e00000, 0x00000000e0e00000, 0x00000000e0f00000|  0%| F|  |TAMS 0x00000000e0e00000, 0x00000000e0e00000| Untracked 
|  15|0x00000000e0f00000, 0x00000000e0f00000, 0x00000000e1000000|  0%| F|  |TAMS 0x00000000e0f00000, 0x00000000e0f00000| Untracked 
|  16|0x00000000e1000000, 0x00000000e1000000, 0x00000000e1100000|  0%| F|  |TAMS 0x00000000e1000000, 0x00000000e1000000| Untracked 
|  17|0x00000000e1100000, 0x00000000e1100000, 0x00000000e1200000|  0%| F|  |TAMS 0x00000000e1100000, 0x00000000e1100000| Untracked 
|  18|0x00000000e1200000, 0x00000000e1200000, 0x00000000e1300000|  0%| F|  |TAMS 0x00000000e1200000, 0x00000000e1200000| Untracked 
|  19|0x00000000e1300000, 0x00000000e1300000, 0x00000000e1400000|  0%| F|  |TAMS 0x00000000e1300000, 0x00000000e1300000| Untracked 
|  20|0x00000000e1400000, 0x00000000e1400000, 0x00000000e1500000|  0%| F|  |TAMS 0x00000000e1400000, 0x00000000e1400000| Untracked 
|  21|0x00000000e1500000, 0x00000000e1500000, 0x00000000e1600000|  0%| F|  |TAMS 0x00000000e1500000, 0x00000000e1500000| Untracked 
|  22|0x00000000e1600000, 0x00000000e1600000, 0x00000000e1700000|  0%| F|  |TAMS 0x00000000e1600000, 0x00000000e1600000| Untracked 
|  23|0x00000000e1700000, 0x00000000e1700000, 0x00000000e1800000|  0%| F|  |TAMS 0x00000000e1700000, 0x00000000e1700000| Untracked 
|  24|0x00000000e1800000, 0x00000000e1800000, 0x00000000e1900000|  0%| F|  |TAMS 0x00000000e1800000, 0x00000000e1800000| Untracked 
|  25|0x00000000e1900000, 0x00000000e1900000, 0x00000000e1a00000|  0%| F|  |TAMS 0x00000000e1900000, 0x00000000e1900000| Untracked 
|  26|0x00000000e1a00000, 0x00000000e1a00000, 0x00000000e1b00000|  0%| F|  |TAMS 0x00000000e1a00000, 0x00000000e1a00000| Untracked 
|  27|0x00000000e1b00000, 0x00000000e1b00000, 0x00000000e1c00000|  0%| F|  |TAMS 0x00000000e1b00000, 0x00000000e1b00000| Untracked 
|  28|0x00000000e1c00000, 0x00000000e1c00000, 0x00000000e1d00000|  0%| F|  |TAMS 0x00000000e1c00000, 0x00000000e1c00000| Untracked 
|  29|0x00000000e1d00000, 0x00000000e1d00000, 0x00000000e1e00000|  0%| F|  |TAMS 0x00000000e1d00000, 0x00000000e1d00000| Untracked 
|  30|0x00000000e1e00000, 0x00000000e1e00000, 0x00000000e1f00000|  0%| F|  |TAMS 0x00000000e1e00000, 0x00000000e1e00000| Untracked 
|  31|0x00000000e1f00000, 0x00000000e1f00000, 0x00000000e2000000|  0%| F|  |TAMS 0x00000000e1f00000, 0x00000000e1f00000| Untracked 
|  32|0x00000000e2000000, 0x00000000e2000000, 0x00000000e2100000|  0%| F|  |TAMS 0x00000000e2000000, 0x00000000e2000000| Untracked 
|  33|0x00000000e2100000, 0x00000000e2100000, 0x00000000e2200000|  0%| F|  |TAMS 0x00000000e2100000, 0x00000000e2100000| Untracked 
|  34|0x00000000e2200000, 0x00000000e2200000, 0x00000000e2300000|  0%| F|  |TAMS 0x00000000e2200000, 0x00000000e2200000| Untracked 
|  35|0x00000000e2300000, 0x00000000e2300000, 0x00000000e2400000|  0%| F|  |TAMS 0x00000000e2300000, 0x00000000e2300000| Untracked 
|  36|0x00000000e2400000, 0x00000000e2400000, 0x00000000e2500000|  0%| F|  |TAMS 0x00000000e2400000, 0x00000000e2400000| Untracked 
|  37|0x00000000e2500000, 0x00000000e2500000, 0x00000000e2600000|  0%| F|  |TAMS 0x00000000e2500000, 0x00000000e2500000| Untracked 
|  38|0x00000000e2600000, 0x00000000e2600000, 0x00000000e2700000|  0%| F|  |TAMS 0x00000000e2600000, 0x00000000e2600000| Untracked 
|  39|0x00000000e2700000, 0x00000000e2700000, 0x00000000e2800000|  0%| F|  |TAMS 0x00000000e2700000, 0x00000000e2700000| Untracked 
|  40|0x00000000e2800000, 0x00000000e2800000, 0x00000000e2900000|  0%| F|  |TAMS 0x00000000e2800000, 0x00000000e2800000| Untracked 
|  41|0x00000000e2900000, 0x00000000e2900000, 0x00000000e2a00000|  0%| F|  |TAMS 0x00000000e2900000, 0x00000000e2900000| Untracked 
|  42|0x00000000e2a00000, 0x00000000e2a00000, 0x00000000e2b00000|  0%| F|  |TAMS 0x00000000e2a00000, 0x00000000e2a00000| Untracked 
|  43|0x00000000e2b00000, 0x00000000e2b00000, 0x00000000e2c00000|  0%| F|  |TAMS 0x00000000e2b00000, 0x00000000e2b00000| Untracked 
|  44|0x00000000e2c00000, 0x00000000e2c00000, 0x00000000e2d00000|  0%| F|  |TAMS 0x00000000e2c00000, 0x00000000e2c00000| Untracked 
|  45|0x00000000e2d00000, 0x00000000e2d00000, 0x00000000e2e00000|  0%| F|  |TAMS 0x00000000e2d00000, 0x00000000e2d00000| Untracked 
|  46|0x00000000e2e00000, 0x00000000e2e00000, 0x00000000e2f00000|  0%| F|  |TAMS 0x00000000e2e00000, 0x00000000e2e00000| Untracked 
|  47|0x00000000e2f00000, 0x00000000e2f00000, 0x00000000e3000000|  0%| F|  |TAMS 0x00000000e2f00000, 0x00000000e2f00000| Untracked 
|  48|0x00000000e3000000, 0x00000000e3000000, 0x00000000e3100000|  0%| F|  |TAMS 0x00000000e3000000, 0x00000000e3000000| Untracked 
|  49|0x00000000e3100000, 0x00000000e3100000, 0x00000000e3200000|  0%| F|  |TAMS 0x00000000e3100000, 0x00000000e3100000| Untracked 
|  50|0x00000000e3200000, 0x00000000e3200000, 0x00000000e3300000|  0%| F|  |TAMS 0x00000000e3200000, 0x00000000e3200000| Untracked 
|  51|0x00000000e3300000, 0x00000000e3300000, 0x00000000e3400000|  0%| F|  |TAMS 0x00000000e3300000, 0x00000000e3300000| Untracked 
|  52|0x00000000e3400000, 0x00000000e3400000, 0x00000000e3500000|  0%| F|  |TAMS 0x00000000e3400000, 0x00000000e3400000| Untracked 
|  53|0x00000000e3500000, 0x00000000e3500000, 0x00000000e3600000|  0%| F|  |TAMS 0x00000000e3500000, 0x00000000e3500000| Untracked 
|  54|0x00000000e3600000, 0x00000000e3600000, 0x00000000e3700000|  0%| F|  |TAMS 0x00000000e3600000, 0x00000000e3600000| Untracked 
|  55|0x00000000e3700000, 0x00000000e3700000, 0x00000000e3800000|  0%| F|  |TAMS 0x00000000e3700000, 0x00000000e3700000| Untracked 
|  56|0x00000000e3800000, 0x00000000e38de3d8, 0x00000000e3900000| 86%| E|  |TAMS 0x00000000e3800000, 0x00000000e3800000| Complete 
|  57|0x00000000e3900000, 0x00000000e394df68, 0x00000000e3a00000| 30%| S|CS|TAMS 0x00000000e3900000, 0x00000000e3900000| Complete 
|  58|0x00000000e3a00000, 0x00000000e3b00000, 0x00000000e3b00000|100%| E|CS|TAMS 0x00000000e3a00000, 0x00000000e3a00000| Complete 
|  59|0x00000000e3b00000, 0x00000000e3c00000, 0x00000000e3c00000|100%| E|CS|TAMS 0x00000000e3b00000, 0x00000000e3b00000| Complete 
|  60|0x00000000e3c00000, 0x00000000e3d00000, 0x00000000e3d00000|100%| E|CS|TAMS 0x00000000e3c00000, 0x00000000e3c00000| Complete 
|  61|0x00000000e3d00000, 0x00000000e3e00000, 0x00000000e3e00000|100%| E|CS|TAMS 0x00000000e3d00000, 0x00000000e3d00000| Complete 

Card table byte_map: [0x00000197a5220000,0x00000197a5320000] _byte_map_base: 0x00000197a4b20000

Marking Bits (Prev, Next): (CMBitMap*) 0x000001978db419a8, (CMBitMap*) 0x000001978db419e0
 Prev Bits: [0x00000197a5420000, 0x00000197a5c20000)
 Next Bits: [0x00000197a5c20000, 0x00000197a6420000)

Polling page: 0x000001978bac0000

Metaspace:

Usage:
  Non-class:     11.94 MB capacity,    11.67 MB ( 98%) used,   250.71 KB (  2%) free+waste,    20.25 KB ( <1%) overhead. 
      Class:      1.44 MB capacity,     1.36 MB ( 95%) used,    69.87 KB (  5%) free+waste,     9.38 KB ( <1%) overhead. 
       Both:     13.38 MB capacity,    13.03 MB ( 97%) used,   320.58 KB (  2%) free+waste,    29.63 KB ( <1%) overhead. 

Virtual space:
  Non-class space:       12.00 MB reserved,      12.00 MB (100%) committed 
      Class space:        1.00 GB reserved,       1.50 MB ( <1%) committed 
             Both:        1.01 GB reserved,      13.50 MB (  1%) committed 

Chunk freelists:
   Non-Class:  2.00 KB
       Class:  0 bytes
        Both:  2.00 KB

MaxMetaspaceSize: 17179869184.00 GB
CompressedClassSpaceSize: 1.00 GB

CodeHeap 'non-profiled nmethods': size=120064Kb used=342Kb max_used=342Kb free=119721Kb
 bounds [0x000001979dce0000, 0x000001979df50000, 0x00000197a5220000]
CodeHeap 'profiled nmethods': size=120000Kb used=2344Kb max_used=2344Kb free=117655Kb
 bounds [0x00000197967b0000, 0x0000019796a20000, 0x000001979dce0000]
CodeHeap 'non-nmethods': size=5696Kb used=1161Kb max_used=1177Kb free=4534Kb
 bounds [0x0000019796220000, 0x0000019796490000, 0x00000197967b0000]
 total_blobs=1526 nmethods=1136 adapters=311
 compilation: enabled
              stopped_count=0, restarted_count=0
 full_count=0

Compilation events (20 events):
Event: 5.360 Thread 0x00000197a9236800 1099       3       java.lang.invoke.MethodType::basicType (8 bytes)
Event: 5.361 Thread 0x00000197a9236800 nmethod 1099 0x00000197969e1e10 code [0x00000197969e1fc0, 0x00000197969e20d8]
Event: 5.361 Thread 0x00000197a9236800 1100       3       java.util.ArrayList::<init> (61 bytes)
Event: 5.363 Thread 0x00000197a9236800 nmethod 1100 0x00000197969e2190 code [0x00000197969e2420, 0x00000197969e2fb8]
Event: 5.363 Thread 0x00000197a9236800 1101       3       jdk.internal.jimage.ImageStringsReader::charsFromByteBufferLength (47 bytes)
Event: 5.363 Thread 0x00000197a9236800 nmethod 1101 0x00000197969e3390 code [0x00000197969e3580, 0x00000197969e3a18]
Event: 5.363 Thread 0x00000197a9236800 1102       3       jdk.internal.jimage.ImageStringsReader::charsFromByteBuffer (186 bytes)
Event: 5.366 Thread 0x00000197a9236800 nmethod 1102 0x00000197969e3b90 code [0x00000197969e3f40, 0x00000197969e5588]
Event: 5.370 Thread 0x00000197a9236800 1103       3       sun.invoke.util.BytecodeDescriptor::unparse (37 bytes)
Event: 5.371 Thread 0x00000197a9236800 nmethod 1103 0x00000197969e5d90 code [0x00000197969e5fc0, 0x00000197969e66b8]
Event: 5.403 Thread 0x00000197a9236800 1104       1       java.lang.invoke.DirectMethodHandle::internalMemberName (5 bytes)
Event: 5.404 Thread 0x00000197a9236800 nmethod 1104 0x000001979dd34e90 code [0x000001979dd35040, 0x000001979dd350f8]
Event: 5.418 Thread 0x00000197a9236800 1106       3       java.lang.String::toString (2 bytes)
Event: 5.418 Thread 0x00000197a9236800 nmethod 1106 0x00000197969e6910 code [0x00000197969e6ac0, 0x00000197969e6bb8]
Event: 5.419 Thread 0x00000197a9236800 1107       3       java.lang.invoke.MethodHandles$Lookup::isClassAccessible (32 bytes)
Event: 5.420 Thread 0x00000197a9236800 nmethod 1107 0x00000197969e6c90 code [0x00000197969e6e80, 0x00000197969e7278]
Event: 5.420 Thread 0x00000197a9236800 1108       3       java.lang.invoke.MemberName::getType (19 bytes)
Event: 5.420 Thread 0x00000197a9236800 nmethod 1108 0x00000197969e7410 code [0x00000197969e7600, 0x00000197969e7998]
Event: 5.421 Thread 0x00000197a9236800 1109       3       jdk.internal.org.objectweb.asm.ByteVector::putByteArray (49 bytes)
Event: 5.421 Thread 0x00000197a9236800 nmethod 1109 0x00000197969e7b10 code [0x00000197969e7ce0, 0x00000197969e7f98]

GC Heap History (4 events):
Event: 3.578 GC heap before
{Heap before GC invocations=0 (full 0):
 garbage-first heap   total 63488K, used 13312K [0x00000000e0000000, 0x0000000100000000)
  region size 1024K, 14 young (14336K), 0 survivors (0K)
 Metaspace       used 10836K, capacity 11137K, committed 11264K, reserved 1058816K
  class space    used 1079K, capacity 1175K, committed 1280K, reserved 1048576K
}
Event: 3.648 GC heap after
{Heap after GC invocations=1 (full 0):
 garbage-first heap   total 63488K, used 5255K [0x00000000e0000000, 0x0000000100000000)
  region size 1024K, 2 young (2048K), 2 survivors (2048K)
 Metaspace       used 10836K, capacity 11137K, committed 11264K, reserved 1058816K
  class space    used 1079K, capacity 1175K, committed 1280K, reserved 1048576K
}
Event: 5.027 GC heap before
{Heap before GC invocations=1 (full 0):
 garbage-first heap   total 63488K, used 8327K [0x00000000e0000000, 0x0000000100000000)
  region size 1024K, 6 young (6144K), 2 survivors (2048K)
 Metaspace       used 12538K, capacity 12773K, committed 12928K, reserved 1060864K
  class space    used 1304K, capacity 1380K, committed 1408K, reserved 1048576K
}
Event: 5.079 GC heap after
{Heap after GC invocations=2 (full 0):
 garbage-first heap   total 63488K, used 5568K [0x00000000e0000000, 0x0000000100000000)
  region size 1024K, 1 young (1024K), 1 survivors (1024K)
 Metaspace       used 12538K, capacity 12773K, committed 12928K, reserved 1060864K
  class space    used 1304K, capacity 1380K, committed 1408K, reserved 1048576K
}

Deoptimization events (20 events):
Event: 5.350 Thread 0x00000197a9db2800 DEOPT PACKING pc=0x00000197968f534c sp=0x000000429b5fc8b0
Event: 5.350 Thread 0x00000197a9db2800 DEOPT UNPACKING pc=0x000001979625b13f sp=0x000000429b5fbe48 mode 1
Event: 5.351 Thread 0x00000197a9db2800 DEOPT PACKING pc=0x00000197968f8474 sp=0x000000429b5fcaa0
Event: 5.351 Thread 0x00000197a9db2800 DEOPT UNPACKING pc=0x000001979625b13f sp=0x000000429b5fbf28 mode 1
Event: 5.352 Thread 0x00000197a9db2800 DEOPT PACKING pc=0x000001979685dec1 sp=0x000000429b5fc890
Event: 5.352 Thread 0x00000197a9db2800 DEOPT UNPACKING pc=0x000001979625b13f sp=0x000000429b5fbd50 mode 1
Event: 5.352 Thread 0x00000197a9db2800 DEOPT PACKING pc=0x00000197968f534c sp=0x000000429b5fc990
Event: 5.352 Thread 0x00000197a9db2800 DEOPT UNPACKING pc=0x000001979625b13f sp=0x000000429b5fbf40 mode 1
Event: 5.352 Thread 0x00000197a9db2800 DEOPT PACKING pc=0x00000197968f534c sp=0x000000429b5fcbc0
Event: 5.352 Thread 0x00000197a9db2800 DEOPT UNPACKING pc=0x000001979625b13f sp=0x000000429b5fc158 mode 1
Event: 5.368 Thread 0x00000197a9db2800 DEOPT PACKING pc=0x00000197968f8474 sp=0x000000429b5fca90
Event: 5.368 Thread 0x00000197a9db2800 DEOPT UNPACKING pc=0x000001979625b13f sp=0x000000429b5fbf18 mode 1
Event: 5.368 Thread 0x00000197a9db2800 DEOPT PACKING pc=0x000001979685dec1 sp=0x000000429b5fc880
Event: 5.368 Thread 0x00000197a9db2800 DEOPT UNPACKING pc=0x000001979625b13f sp=0x000000429b5fbd40 mode 1
Event: 5.368 Thread 0x00000197a9db2800 DEOPT PACKING pc=0x00000197968f534c sp=0x000000429b5fc980
Event: 5.369 Thread 0x00000197a9db2800 DEOPT UNPACKING pc=0x000001979625b13f sp=0x000000429b5fbf30 mode 1
Event: 5.369 Thread 0x00000197a9db2800 DEOPT PACKING pc=0x00000197968f534c sp=0x000000429b5fcbb0
Event: 5.369 Thread 0x00000197a9db2800 DEOPT UNPACKING pc=0x000001979625b13f sp=0x000000429b5fc148 mode 1
Event: 5.416 Thread 0x00000197a9db2800 DEOPT PACKING pc=0x00000197968f8474 sp=0x000000429b5fc7f0
Event: 5.416 Thread 0x00000197a9db2800 DEOPT UNPACKING pc=0x000001979625b13f sp=0x000000429b5fbc78 mode 1

Classes redefined (0 events):
No events

Internal exceptions (14 events):
Event: 2.258 Thread 0x000001978db1c000 Exception <a 'java/security/PrivilegedActionException'{0x00000000e37c84f8}> (0x00000000e37c84f8) thrown at [./src/hotspot/share/prims/jvm.cpp, line 1306]
Event: 2.258 Thread 0x000001978db1c000 Exception <a 'java/security/PrivilegedActionException'{0x00000000e37c8a70}> (0x00000000e37c8a70) thrown at [./src/hotspot/share/prims/jvm.cpp, line 1306]
Event: 2.259 Thread 0x000001978db1c000 Exception <a 'java/security/PrivilegedActionException'{0x00000000e37c9a50}> (0x00000000e37c9a50) thrown at [./src/hotspot/share/prims/jvm.cpp, line 1306]
Event: 2.259 Thread 0x000001978db1c000 Exception <a 'java/security/PrivilegedActionException'{0x00000000e37c9fc8}> (0x00000000e37c9fc8) thrown at [./src/hotspot/share/prims/jvm.cpp, line 1306]
Event: 2.259 Thread 0x000001978db1c000 Exception <a 'java/security/PrivilegedActionException'{0x00000000e37caf68}> (0x00000000e37caf68) thrown at [./src/hotspot/share/prims/jvm.cpp, line 1306]
Event: 2.259 Thread 0x000001978db1c000 Exception <a 'java/security/PrivilegedActionException'{0x00000000e37cb4e0}> (0x00000000e37cb4e0) thrown at [./src/hotspot/share/prims/jvm.cpp, line 1306]
Event: 2.903 Thread 0x000001978db1c000 Exception <a 'java/lang/NoSuchMethodError'{0x00000000e323adc8}: 'java.lang.Object java.lang.invoke.DirectMethodHandle$Holder.invokeVirtual(java.lang.Object, java.lang.Object, java.lang.Object, java.lang.Object, java.lang.Object, java.lang.Object, java.lang.Object)'> (0x00000000e323adc8) thrown at [./src/hotspot/share/interpreter/linkResolver.cpp, line 773]
Event: 2.910 Thread 0x000001978db1c000 Exception <a 'java/lang/NoSuchMethodError'{0x00000000e3250c38}: 'java.lang.Object java.lang.invoke.Invokers$Holder.invoker(java.lang.Object, java.lang.Object, java.lang.Object)'> (0x00000000e3250c38) thrown at [./src/hotspot/share/interpreter/linkResolver.cpp, line 773]
Event: 2.918 Thread 0x000001978db1c000 Exception <a 'java/lang/NoSuchMethodError'{0x00000000e32615e0}: 'void java.lang.invoke.DelegatingMethodHandle$Holder.delegate(java.lang.Object, java.lang.Object, int, java.lang.Object)'> (0x00000000e32615e0) thrown at [./src/hotspot/share/interpreter/linkResolver.cpp, line 773]
Event: 3.498 Thread 0x000001978db1c000 Exception <a 'java/lang/NoSuchMethodError'{0x00000000e3095a08}: <clinit>> (0x00000000e3095a08) thrown at [./src/hotspot/share/prims/jni.cpp, line 1362]
Event: 3.500 Thread 0x000001978db1c000 Exception <a 'java/lang/NoSuchMethodError'{0x00000000e309e550}: <clinit>> (0x00000000e309e550) thrown at [./src/hotspot/share/prims/jni.cpp, line 1362]
Event: 3.504 Thread 0x000001978db1c000 Exception <a 'java/lang/NoSuchMethodError'{0x00000000e30a76c0}: <clinit>> (0x00000000e30a76c0) thrown at [./src/hotspot/share/prims/jni.cpp, line 1362]
Event: 4.002 Thread 0x000001978db1c000 Exception <a 'java/lang/NoSuchMethodError'{0x00000000e3bc1dc8}: 'java.lang.Object java.lang.invoke.DirectMethodHandle$Holder.invokeStaticInit(java.lang.Object, int, int, int, int)'> (0x00000000e3bc1dc8) thrown at [./src/hotspot/share/interpreter/linkResolver.cpp, line 773]
Event: 4.887 Thread 0x000001978db1c000 Exception <a 'java/lang/NoSuchMethodError'{0x00000000e3bee460}: 'java.lang.Object java.lang.invoke.DirectMethodHandle$Holder.invokeStaticInit(java.lang.Object, java.lang.Object, int, int, int, int)'> (0x00000000e3bee460) thrown at [./src/hotspot/share/interpreter/linkResolver.cpp, line 773]

Events (20 events):
Event: 5.370 loading class org/junit/platform/launcher/core/LauncherConfigurationParameters$ParameterProvider
Event: 5.370 loading class org/junit/platform/launcher/core/LauncherConfigurationParameters$ParameterProvider done
Event: 5.370 loading class org/junit/platform/launcher/core/LauncherConfigurationParameters$ParameterProvider
Event: 5.370 loading class org/junit/platform/launcher/core/LauncherConfigurationParameters$ParameterProvider done
Event: 5.405 loading class java/util/Spliterators$IteratorSpliterator
Event: 5.416 loading class java/util/Spliterators$IteratorSpliterator done
Event: 5.416 loading class org/junit/platform/commons/util/ClassNamePatternFilterUtils
Event: 5.416 loading class org/junit/platform/commons/util/ClassNamePatternFilterUtils done
Event: 5.416 loading class org/junit/platform/commons/util/ClassNamePatternFilterUtils
Event: 5.416 loading class org/junit/platform/commons/util/ClassNamePatternFilterUtils done
Event: 5.421 loading class org/junit/platform/launcher/Launcher
Event: 5.421 loading class org/junit/platform/launcher/Launcher done
Event: 5.421 loading class org/junit/platform/launcher/TestExecutionListener
Event: 5.421 loading class org/junit/platform/launcher/TestExecutionListener done
Event: 5.421 loading class org/junit/platform/launcher/Launcher
Event: 5.421 loading class org/junit/platform/launcher/Launcher done
Event: 5.422 loading class java/util/stream/ForEachOps
Event: 5.437 loading class java/util/stream/ForEachOps done
Event: 5.437 loading class java/util/stream/ForEachOps$ForEachOp$OfRef
Event: 5.454 loading class java/util/stream/ForEachOps$ForEachOp


Dynamic libraries:
0x00007ff6d9540000 - 0x00007ff6d954d000 	C:\Program Files\AdoptOpenJDK\jdk-11.0.11.9-hotspot\bin\java.exe
0x00007ffa783d0000 - 0x00007ffa785c5000 	C:\WINDOWS\SYSTEM32\ntdll.dll
0x00007ffa5a1a0000 - 0x00007ffa5a1b6000 	C:\Program Files\AVAST Software\Avast\aswhook.dll
0x00007ffa77330000 - 0x00007ffa773ed000 	C:\WINDOWS\System32\KERNEL32.DLL
0x00007ffa76090000 - 0x00007ffa7635d000 	C:\WINDOWS\System32\KERNELBASE.dll
0x00007ffa75e80000 - 0x00007ffa75f80000 	C:\WINDOWS\System32\ucrtbase.dll
0x00007ffa60c50000 - 0x00007ffa60c67000 	C:\Program Files\AdoptOpenJDK\jdk-11.0.11.9-hotspot\bin\jli.dll
0x00007ffa5c860000 - 0x00007ffa5c875000 	C:\Program Files\AdoptOpenJDK\jdk-11.0.11.9-hotspot\bin\VCRUNTIME140.dll
0x00007ffa78180000 - 0x00007ffa78320000 	C:\WINDOWS\System32\USER32.dll
0x00007ffa75b80000 - 0x00007ffa75ba2000 	C:\WINDOWS\System32\win32u.dll
0x00007ffa768a0000 - 0x00007ffa768ca000 	C:\WINDOWS\System32\GDI32.dll
0x00007ffa75f80000 - 0x00007ffa7608b000 	C:\WINDOWS\System32\gdi32full.dll
0x00007ffa75ae0000 - 0x00007ffa75b7d000 	C:\WINDOWS\System32\msvcp_win.dll
0x00007ffa4eaa0000 - 0x00007ffa4ed3a000 	C:\WINDOWS\WinSxS\amd64_microsoft.windows.common-controls_6595b64144ccf1df_6.0.19041.1110_none_60b5254171f9507e\COMCTL32.dll
0x00007ffa777b0000 - 0x00007ffa7784e000 	C:\WINDOWS\System32\msvcrt.dll
0x00007ffa77bf0000 - 0x00007ffa77c20000 	C:\WINDOWS\System32\IMM32.DLL
0x00007ffa57030000 - 0x00007ffa570cb000 	C:\Program Files\AdoptOpenJDK\jdk-11.0.11.9-hotspot\bin\msvcp140.dll
0x00007ffa3e880000 - 0x00007ffa3f3cb000 	C:\Program Files\AdoptOpenJDK\jdk-11.0.11.9-hotspot\bin\server\jvm.dll
0x00007ffa770e0000 - 0x00007ffa7718e000 	C:\WINDOWS\System32\ADVAPI32.dll
0x00007ffa77490000 - 0x00007ffa7752c000 	C:\WINDOWS\System32\sechost.dll
0x00007ffa78050000 - 0x00007ffa78175000 	C:\WINDOWS\System32\RPCRT4.dll
0x00007ffa77480000 - 0x00007ffa77488000 	C:\WINDOWS\System32\PSAPI.DLL
0x00007ffa66eb0000 - 0x00007ffa66eb9000 	C:\WINDOWS\SYSTEM32\WSOCK32.dll
0x00007ffa772c0000 - 0x00007ffa7732b000 	C:\WINDOWS\System32\WS2_32.dll
0x00007ffa59290000 - 0x00007ffa592b7000 	C:\WINDOWS\SYSTEM32\WINMM.dll
0x00007ffa6d350000 - 0x00007ffa6d35a000 	C:\WINDOWS\SYSTEM32\VERSION.dll
0x00007ffa743a0000 - 0x00007ffa743b2000 	C:\WINDOWS\SYSTEM32\kernel.appcore.dll
0x00007ffa6f9b0000 - 0x00007ffa6f9c0000 	C:\Program Files\AdoptOpenJDK\jdk-11.0.11.9-hotspot\bin\verify.dll
0x00007ffa738e0000 - 0x00007ffa73ac4000 	C:\WINDOWS\SYSTEM32\DBGHELP.DLL
0x00007ffa6ce80000 - 0x00007ffa6ceac000 	C:\WINDOWS\SYSTEM32\dbgcore.DLL
0x00007ffa76390000 - 0x00007ffa76412000 	C:\WINDOWS\System32\bcryptPrimitives.dll
0x00007ffa59910000 - 0x00007ffa59938000 	C:\Program Files\AdoptOpenJDK\jdk-11.0.11.9-hotspot\bin\java.dll
0x00007ffa6e6b0000 - 0x00007ffa6e6ba000 	C:\Program Files\AdoptOpenJDK\jdk-11.0.11.9-hotspot\bin\jimage.dll
0x00007ffa60cf0000 - 0x00007ffa60d28000 	C:\Program Files\AdoptOpenJDK\jdk-11.0.11.9-hotspot\bin\jdwp.dll
0x00007ffa59ba0000 - 0x00007ffa59bb7000 	C:\Program Files\AdoptOpenJDK\jdk-11.0.11.9-hotspot\bin\zip.dll
0x00007ffa76990000 - 0x00007ffa770d4000 	C:\WINDOWS\System32\SHELL32.dll
0x00007ffa73ad0000 - 0x00007ffa74264000 	C:\WINDOWS\SYSTEM32\windows.storage.dll
0x00007ffa77c20000 - 0x00007ffa77f74000 	C:\WINDOWS\System32\combase.dll
0x00007ffa75470000 - 0x00007ffa7549c000 	C:\WINDOWS\SYSTEM32\Wldp.dll
0x00007ffa778b0000 - 0x00007ffa7795d000 	C:\WINDOWS\System32\SHCORE.dll
0x00007ffa768d0000 - 0x00007ffa76925000 	C:\WINDOWS\System32\shlwapi.dll
0x00007ffa75a20000 - 0x00007ffa75a3f000 	C:\WINDOWS\SYSTEM32\profapi.dll
0x00007ffa70ea0000 - 0x00007ffa70eaa000 	C:\Program Files\AdoptOpenJDK\jdk-11.0.11.9-hotspot\bin\dt_socket.dll
0x00007ffa751d0000 - 0x00007ffa7523a000 	C:\WINDOWS\system32\mswsock.dll
0x00007ffa59ad0000 - 0x00007ffa59ae9000 	C:\Program Files\AdoptOpenJDK\jdk-11.0.11.9-hotspot\bin\net.dll
0x00007ffa678f0000 - 0x00007ffa679fa000 	C:\WINDOWS\SYSTEM32\WINHTTP.dll
0x00007ffa57010000 - 0x00007ffa57022000 	C:\Program Files\AdoptOpenJDK\jdk-11.0.11.9-hotspot\bin\nio.dll
0x00007ffa753c0000 - 0x00007ffa753d8000 	C:\WINDOWS\SYSTEM32\CRYPTSP.dll
0x00007ffa74b50000 - 0x00007ffa74b84000 	C:\WINDOWS\system32\rsaenh.dll
0x00007ffa76360000 - 0x00007ffa76387000 	C:\WINDOWS\System32\bcrypt.dll
0x00007ffa759e0000 - 0x00007ffa75a0e000 	C:\WINDOWS\SYSTEM32\USERENV.dll
0x00007ffa753e0000 - 0x00007ffa753ec000 	C:\WINDOWS\SYSTEM32\CRYPTBASE.dll
0x00007ffa74ec0000 - 0x00007ffa74efb000 	C:\WINDOWS\SYSTEM32\IPHLPAPI.DLL
0x00007ffa78320000 - 0x00007ffa78328000 	C:\WINDOWS\System32\NSI.dll
0x00007ffa6d360000 - 0x00007ffa6d377000 	C:\WINDOWS\SYSTEM32\dhcpcsvc6.DLL
0x00007ffa6e860000 - 0x00007ffa6e87d000 	C:\WINDOWS\SYSTEM32\dhcpcsvc.DLL
0x00007ffa74f00000 - 0x00007ffa74fcb000 	C:\WINDOWS\SYSTEM32\DNSAPI.dll

dbghelp: loaded successfully - version: 4.0.5 - missing functions: none
symbol engine: initialized successfully - sym options: 0x614 - pdb path: .;C:\Program Files\AdoptOpenJDK\jdk-11.0.11.9-hotspot\bin;C:\WINDOWS\SYSTEM32;C:\Program Files\AVAST Software\Avast;C:\WINDOWS\WinSxS\amd64_microsoft.windows.common-controls_6595b64144ccf1df_6.0.19041.1110_none_60b5254171f9507e;C:\Program Files\AdoptOpenJDK\jdk-11.0.11.9-hotspot\bin\server

VM Arguments:
jvm_args: -Dorg.gradle.internal.worker.tmpdir=C:\initial\selenide\build\tmp\test\work -Dorg.gradle.native=false -agentlib:jdwp=transport=dt_socket,server=n,suspend=y,address=127.0.0.1:63905 --add-opens=java.base/java.util=ALL-UNNAMED --add-opens=java.base/java.lang=ALL-UNNAMED -Xmx512m -Dfile.encoding=windows-1251 -Duser.country=RU -Duser.language=ru -Duser.variant -ea 
java_command: worker.org.gradle.process.internal.worker.GradleWorkerMain 'Gradle Test Executor 8'
java_class_path (initial): C:\\Users\\Олеся\\.gradle\\caches\\7.1\\workerMain\\gradle-worker.jar;C:\\initial\\selenide\\build\\classes\\java\\test;C:\\initial\\selenide\\build\\resources\\test;C:\\initial\\selenide\\build\\classes\\java\\main;C:\\initial\\selenide\\build\\resources\\main;C:\\Users\\Олеся\\.gradle\\caches\\modules-2\\files-2.1\\org.junit.jupiter\\junit-jupiter-params\\5.8.1\\13afdb5d414cbe991fce3ef6b864de77c9644dae\\junit-jupiter-params-5.8.1.jar;C:\\Users\\Олеся\\.gradle\\caches\\modules-2\\files-2.1\\org.junit.jupiter\\junit-jupiter-engine\\5.8.1\\21b86e08aae2720bbf017703669948be96d1388c\\junit-jupiter-engine-5.8.1.jar;C:\\Users\\Олеся\\.gradle\\caches\\modules-2\\files-2.1\\org.junit.jupiter\\junit-jupiter-api\\5.8.1\\6538b88eb8bf8811bc7b6efb5246f835c15e0bfe\\junit-jupiter-api-5.8.1.jar;C:\\Users\\Олеся\\.gradle\\caches\\modules-2\\files-2.1\\org.junit.platform\\junit-platform-engine\\1.8.1\\e6c63bf990dc88a6527b4ed617b23e47048f07e0\\junit-platform-engine-1.8.1.jar;C:\\Users\\Олеся\\.gradle\\caches\\modules-2\\files-2.1\\org.junit.platform\\junit-platform-commons\\1.8.1\\1e362cbe6d0f225b066757865e233972557484\\junit-platform-commons-1.8.1.jar;C:\\Users\\Олеся\\.gradle\\caches\\modules-2\\files-2.1\\org.junit.jupiter\\junit-jupiter\\5.8.1\\73a218cf02d36d4e87bb9697fdbe0780e92b6bd3\\junit-jupiter-5.8.1.jar;C:\\Users\\Олеся\\.gradle\\caches\\modules-2\\files-2.1\\com.codeborne\\selenide\\6.3.4\\cf79470596d18e595eeb68010174d4392496c23b\\selenide-6.3.4.jar;C:\\Users\\Олеся\\.gradle\\caches\\modules-2\\files-2.1\\com.codeborne\\selenide-core\\6.3.4\\3d2080671e8c4499862d0e8f8b6e2f3cfe97adc4\\selenide-core-6.3.4.jar;C:\\Users\\Олеся\\.gradle\\caches\\modules-2\\files-2.1\\org.seleniumhq.selenium\\selenium-java\\4.1.2\\d1ff6102a8b23729b967406ea85f40fea5a2e970\\selenium-java-4.1.2.jar;C:\\Users\\Олеся\\.gradle\\caches\\modules-2\\files-2.1\\org.seleniumhq.selenium\\selenium-chrome-driver\\4.1.2\\41e1678afb58fe057fd8929b4bbf6af4604df211\\selenium-chrome-driv
Launcher Type: SUN_STANDARD

[Global flags]
     intx CICompilerCount                          = 3                                         {product} {ergonomic}
     uint ConcGCThreads                            = 1                                         {product} {ergonomic}
     uint G1ConcRefinementThreads                  = 4                                         {product} {ergonomic}
   size_t G1HeapRegionSize                         = 1048576                                   {product} {ergonomic}
    uintx GCDrainStackTargetSize                   = 64                                        {product} {ergonomic}
   size_t InitialHeapSize                          = 65011712                                  {product} {ergonomic}
   size_t MarkStackSize                            = 4194304                                   {product} {ergonomic}
   size_t MaxHeapSize                              = 536870912                                 {product} {command line}
   size_t MaxNewSize                               = 321912832                                 {product} {ergonomic}
   size_t MinHeapDeltaBytes                        = 1048576                                   {product} {ergonomic}
    uintx NonNMethodCodeHeapSize                   = 5830732                                {pd product} {ergonomic}
    uintx NonProfiledCodeHeapSize                  = 122913754                              {pd product} {ergonomic}
    uintx ProfiledCodeHeapSize                     = 122913754                              {pd product} {ergonomic}
    uintx ReservedCodeCacheSize                    = 251658240                              {pd product} {ergonomic}
     bool SegmentedCodeCache                       = true                                      {product} {ergonomic}
     bool UseCompressedClassPointers               = true                                 {lp64_product} {ergonomic}
     bool UseCompressedOops                        = true                                 {lp64_product} {ergonomic}
     bool UseG1GC                                  = true                                      {product} {ergonomic}
     bool UseLargePagesIndividualAllocation        = false                                  {pd product} {ergonomic}

Logging:
Log output configuration:
 #0: stdout all=warning uptime,level,tags
 #1: stderr all=off uptime,level,tags

Environment Variables:
PATH=C:\Program Files\AdoptOpenJDK\jdk-11.0.11.9-hotspot\bin;C:\Program Files (x86)\Intel\TXE Components\iCLS\;C:\Program Files\Intel\TXE Components\iCLS\;C:\WINDOWS\system32;C:\WINDOWS;C:\WINDOWS\System32\Wbem;C:\WINDOWS\System32\WindowsPowerShell\v1.0\;C:\Program Files\Intel\TXE Components\DAL\;C:\Program Files (x86)\Intel\TXE Components\DAL\;C:\Program Files\Intel\TXE Components\IPT\;C:\Program Files (x86)\Intel\TXE Components\IPT\;C:\WINDOWS\System32\OpenSSH\;C:\Program Files\Git\cmd;C:\Users\Олеся\AppData\Local\Microsoft\WindowsApps;C:\Users\Олеся\AppData\Local\atom\bin
USERNAME=Олеся
OS=Windows_NT
PROCESSOR_IDENTIFIER=Intel64 Family 6 Model 122 Stepping 1, GenuineIntel



---------------  S Y S T E M  ---------------

OS: Windows 10 , 64 bit Build 19041 (10.0.19041.1706)
OS uptime: 2 days 6:17 hours

CPU:total 4 (initial active 4) (4 cores per cpu, 1 threads per core) family 6 model 122 stepping 1 microcode 0x2e, cmov, cx8, fxsr, mmx, sse, sse2, sse3, ssse3, sse4.1, sse4.2, popcnt, aes, clmul, erms, 3dnowpref, tsc, tscinvbit, sha

Memory: 4k page, system-wide physical 3918M (301M free)
TotalPageFile size 15694M (AvailPageFile size 0M)
current process WorkingSet (physical memory assigned to process): 74M, peak: 74M
current process commit charge ("private bytes"): 150M, peak: 150M

vm_info: OpenJDK 64-Bit Server VM (11.0.11+9) for windows-amd64 JRE (11.0.11+9), built on Apr 20 2021 21:22:09 by "" with MS VC++ 15.9 (VS2017)

END.
